<?xml version="1.0" encoding="UTF-8"?>
<!-- Generated by org.testng.reporters.JUnitReportReporter -->
<testsuite hostname="Micky" failures="0" tests="8" name="TestScripts.Class3" time="9.138" errors="0" timestamp="2025-08-16T12:07:38 IST" skipped="0">
  <testcase classname="TestScripts.Class3" name="FactorialTestUsingdataProvider" time="0.611"/>
  <testcase classname="TestScripts.Class3" name="FactorialTestUsingdataProvider" time="0.622"/>
  <testcase classname="TestScripts.Class3" name="FactorialTestUsingdataProvider" time="0.614"/>
  <testcase classname="TestScripts.Class3" name="factorialTestExcel" time="4.715"/>
  <testcase classname="TestScripts.Class3" name="FactorialTestUsingdataProvider" time="0.631"/>
  <testcase classname="TestScripts.Class3" name="FactorialTestUsingdataProvider" time="0.619"/>
  <testcase classname="TestScripts.Class3" name="FactorialTestUsingdataProvider" time="0.671"/>
  <testcase classname="TestScripts.Class3" name="FactorialTestUsingdataProvider" time="0.655"/>
</testsuite> <!-- TestScripts.Class3 -->
