<?xml version="1.0" encoding="UTF-8"?>
<!-- Generated by org.testng.reporters.JUnitReportReporter -->
<testsuite hostname="Micky" failures="0" tests="1" name="TestScripts.BaseClass" time="4.592" errors="0" timestamp="2025-08-07T21:24:21 IST" skipped="0">
  <testcase classname="TestScripts.BaseClass" name="launch" time="4.592"/>
</testsuite> <!-- TestScripts.BaseClass -->
