<?xml version="1.0" encoding="UTF-8"?>
<!-- Generated by org.testng.reporters.JUnitReportReporter -->
<testsuite hostname="Micky" failures="0" tests="2" name="TestScripts.Case1" time="0.146" errors="0" timestamp="2025-08-16T12:07:38 IST" skipped="0">
  <testcase classname="TestScripts.Case1" name="valUIisDisplayed" time="0.094"/>
  <testcase classname="TestScripts.Case1" name="valUIisEnabled" time="0.052"/>
</testsuite> <!-- TestScripts.Case1 -->
