<?xml version="1.0" encoding="UTF-8"?>
<!-- Generated by org.testng.reporters.JUnitReportReporter -->
<testsuite hostname="Micky" failures="0" tests="1" name="TestScripts.Class4" time="0.590" errors="0" timestamp="2025-08-16T12:07:38 IST" skipped="0">
  <testcase classname="TestScripts.Class4" name="validateNumOfLinks" time="0.590"/>
</testsuite> <!-- TestScripts.Class4 -->
